
Copyright (C) 1994-2019 Synopsys, Inc.
This Synopsys software and all associated documentation are proprietary to Synopsys, Inc.
and may only be used pursuant to the terms and conditions of a written license agreement
with Synopsys, Inc. All other use, reproduction, modification, or distribution of the
Synopsys software or the associated documentation is strictly prohibited.
Tool: Synplify Pro (R)
Build: P-2019.03G-Beta4
Install: d:\Gowin\Gowin_V1.9.2Beta\SynplifyPro
OS: Windows 6.2

Hostname: DESKTOP-KENK8J7

Implementation : rev_1
Synopsys HDL compiler and linker, Version comp2019q1p1, Build 231R, Built Aug  2 2019 09:58:27

Modified Files: 10
FID:  path (prevtimestamp, timestamp)
0        C:\Users\22144\Desktop\Gowin_FPGA\Project\04_ov5640_vga\src\rdfifo\fifo_top\temp\FIFO\fifo_define.v (N/A, 2019-11-20 20:04:30)
1        C:\Users\22144\Desktop\Gowin_FPGA\Project\04_ov5640_vga\src\rdfifo\fifo_top\temp\FIFO\fifo_parameter.v (N/A, 2019-11-20 20:04:30)
2        D:\Gowin\Gowin_V1.9.2Beta\IDE\ipcore\FIFO\data\edc.v (N/A, 2019-08-30 13:58:12)
3        D:\Gowin\Gowin_V1.9.2Beta\IDE\ipcore\FIFO\data\fifo.v (N/A, 2019-08-30 13:58:12)
4        D:\Gowin\Gowin_V1.9.2Beta\IDE\ipcore\FIFO\data\fifo_top.v (N/A, 2019-08-30 13:58:12)
5        d:\Gowin\Gowin_V1.9.2Beta\SynplifyPro\lib\generic\gw2a.v (N/A, 2019-08-03 01:46:04)
6        d:\Gowin\Gowin_V1.9.2Beta\SynplifyPro\lib\vlog\hypermods.v (N/A, 2019-08-03 00:54:14)
7        d:\Gowin\Gowin_V1.9.2Beta\SynplifyPro\lib\vlog\scemi_objects.v (N/A, 2019-08-03 00:54:14)
8        d:\Gowin\Gowin_V1.9.2Beta\SynplifyPro\lib\vlog\scemi_pipes.svh (N/A, 2019-08-03 00:54:14)
9        d:\Gowin\Gowin_V1.9.2Beta\SynplifyPro\lib\vlog\umr_capim.v (N/A, 2019-08-03 00:54:14)

*******************************************************************
Modules that may have changed as a result of file changes: 3
MID:  lib.cell.view
0        work.\~edc.rdfifo.verilog may have changed because the following files changed:
                        D:\Gowin\Gowin_V1.9.2Beta\IDE\ipcore\FIFO\data\edc.v (N/A, 2019-08-30 13:58:12) <-- (module definition)
1        work.\~fifo.rdfifo.verilog may have changed because the following files changed:
                        D:\Gowin\Gowin_V1.9.2Beta\IDE\ipcore\FIFO\data\fifo.v (N/A, 2019-08-30 13:58:12) <-- (module definition)
                        D:\Gowin\Gowin_V1.9.2Beta\IDE\ipcore\FIFO\data\fifo_top.v (N/A, 2019-08-30 13:58:12) <-- (may instantiate this module)
2        work.rdfifo.verilog may have changed because the following files changed:
                        D:\Gowin\Gowin_V1.9.2Beta\IDE\ipcore\FIFO\data\fifo_top.v (N/A, 2019-08-30 13:58:12) <-- (module definition)

*******************************************************************
Unmodified files: 0
FID:  path (timestamp)

*******************************************************************
Unchanged modules: 0
MID:  lib.cell.view
