
Copyright (C) 1994-2019 Synopsys, Inc.
This Synopsys software and all associated documentation are proprietary to Synopsys, Inc.
and may only be used pursuant to the terms and conditions of a written license agreement
with Synopsys, Inc. All other use, reproduction, modification, or distribution of the
Synopsys software or the associated documentation is strictly prohibited.
Tool: Synplify Pro (R)
Build: P-2019.03G-Beta4
Install: d:\Gowin\Gowin_V1.9.2Beta\SynplifyPro
OS: Windows 6.2

Hostname: DESKTOP-KENK8J7

Implementation : rev_1

# Written on Wed Nov 20 20:03:56 2019

##### DESIGN INFO #######################################################

Top View:                "wrfifo"
Constraint File(s):      (none)




##### SUMMARY ############################################################

Found 0 issues in 0 out of 0 constraints


##### DETAILS ############################################################



Clock Relationships
*******************

Starting         Ending           |     rise to rise     |     fall to fall     |     rise to fall     |     fall to rise                     
---------------------------------------------------------------------------------------------------------------------------------------------
wrfifo|WrClk     wrfifo|WrClk     |     4.319            |     4.319            |     No paths         |     2.159                            
wrfifo|WrClk     wrfifo|RdClk     |     Diff grp         |     No paths         |     No paths         |     No paths                         
wrfifo|RdClk     wrfifo|WrClk     |     Diff grp         |     No paths         |     No paths         |     No paths                         
wrfifo|RdClk     wrfifo|RdClk     |     4.319            |     4.319            |     No paths         |     2.159                            
=============================================================================================================================================
 Note: 'No paths' indicates there are no paths in the design for that pair of clock edges.
       'Diff grp' indicates that paths exist but the starting clock and ending clock are in different clock groups.


Unconstrained Start/End Points
******************************

p:Data[0]
p:Data[1]
p:Data[2]
p:Data[3]
p:Data[4]
p:Data[5]
p:Data[6]
p:Data[7]
p:Data[8]
p:Data[9]
p:Data[10]
p:Data[11]
p:Data[12]
p:Data[13]
p:Data[14]
p:Data[15]
p:Empty
p:Full
p:Q[0]
p:Q[1]
p:Q[2]
p:Q[3]
p:Q[4]
p:Q[5]
p:Q[6]
p:Q[7]
p:Q[8]
p:Q[9]
p:Q[10]
p:Q[11]
p:Q[12]
p:Q[13]
p:Q[14]
p:Q[15]
p:Q[16]
p:Q[17]
p:Q[18]
p:Q[19]
p:Q[20]
p:Q[21]
p:Q[22]
p:Q[23]
p:Q[24]
p:Q[25]
p:Q[26]
p:Q[27]
p:Q[28]
p:Q[29]
p:Q[30]
p:Q[31]
p:Q[32]
p:Q[33]
p:Q[34]
p:Q[35]
p:Q[36]
p:Q[37]
p:Q[38]
p:Q[39]
p:Q[40]
p:Q[41]
p:Q[42]
p:Q[43]
p:Q[44]
p:Q[45]
p:Q[46]
p:Q[47]
p:Q[48]
p:Q[49]
p:Q[50]
p:Q[51]
p:Q[52]
p:Q[53]
p:Q[54]
p:Q[55]
p:Q[56]
p:Q[57]
p:Q[58]
p:Q[59]
p:Q[60]
p:Q[61]
p:Q[62]
p:Q[63]
p:RdEn
p:Reset
p:Rnum[0]
p:Rnum[1]
p:Rnum[2]
p:Rnum[3]
p:Rnum[4]
p:Rnum[5]
p:Rnum[6]
p:Rnum[7]
p:Wnum[0]
p:Wnum[1]
p:Wnum[2]
p:Wnum[3]
p:Wnum[4]
p:Wnum[5]
p:Wnum[6]
p:Wnum[7]
p:Wnum[8]
p:Wnum[9]
p:WrEn


Inapplicable constraints
************************

(none)


Applicable constraints with issues
**********************************

(none)


Constraints with matching wildcard expressions
**********************************************

(none)


Library Report
**************


# End of Constraint Checker Report
