F:\FPGA\GAOYUN\Gowin\Gowin_V1.9.2Beta\SynplifyPro\bin64\c_hdl.exe  -osyn  E:\FPGAbisai\04_ov5640_vga\04_ov5640_vga\impl\synthesize\rev_1\synwork\04_ov5640_vga_comp.srs  -top  ov5640_rgb565_1024x768_vga_top  -hdllog  E:\FPGAbisai\04_ov5640_vga\04_ov5640_vga\impl\synthesize\rev_1\synlog\04_ov5640_vga_compiler.srr  -encrypt  -mp  1  -verification_mode 0  -verilog  -prodtype  synplify_pro  -primux -fixsmult -sdff_counter -nram -divnmod -nostructver -gowin -infer_seqShift  -D_MULTIPLE_FILE_COMPILATION_UNIT_   -I E:\FPGAbisai\04_ov5640_vga\04_ov5640_vga\impl\synthesize\  -I F:\FPGA\GAOYUN\Gowin\Gowin_V1.9.2Beta\SynplifyPro\lib   -sysv  -devicelib  F:\FPGA\GAOYUN\Gowin\Gowin_V1.9.2Beta\SynplifyPro\lib\generic\gw2a.v  -encrypt  -pro  -dmgen  E:\FPGAbisai\04_ov5640_vga\04_ov5640_vga\impl\synthesize\rev_1\dm  -ui -fid2 -ram -sharing on -ll 2000 -autosm  -D_MULTIPLE_FILE_COMPILATION_UNIT_  -lib work E:\FPGAbisai\04_ov5640_vga\04_ov5640_vga\src\i2c_ov5640_rgb565_cfg.v -lib work E:\FPGAbisai\04_ov5640_vga\04_ov5640_vga\src\ov5640_rgb565_1024x768_vga_top.v -lib work E:\FPGAbisai\04_ov5640_vga\04_ov5640_vga\src\cmos_capture_data.v -lib work E:\FPGAbisai\04_ov5640_vga\04_ov5640_vga\src\i2c_dri.v -lib work E:\FPGAbisai\04_ov5640_vga\04_ov5640_vga\src\vga_driver.v -lib work E:\FPGAbisai\04_ov5640_vga\04_ov5640_vga\src\gowin_pll\gowin_pll.v -lib work E:\FPGAbisai\04_ov5640_vga\04_ov5640_vga\src\psram_memory_interface\psram_memory_interface.v -lib work E:\FPGAbisai\04_ov5640_vga\04_ov5640_vga\src\psram_fifo.v -lib work E:\FPGAbisai\04_ov5640_vga\04_ov5640_vga\src\gowin_pll2\gowin_pll\gowin_pll_160M.v -lib work E:\FPGAbisai\04_ov5640_vga\04_ov5640_vga\src\wrfifo\fifo_top\wrfifo.v -lib work E:\FPGAbisai\04_ov5640_vga\04_ov5640_vga\src\rdfifo\fifo_top\rdfifo.v -lib work E:\FPGAbisai\04_ov5640_vga\04_ov5640_vga\src\B_v.v -lib work E:\FPGAbisai\04_ov5640_vga\04_ov5640_vga\src\div_rill.v -lib work E:\FPGAbisai\04_ov5640_vga\04_ov5640_vga\src\rgb2hsv_top.v -lib work E:\FPGAbisai\04_ov5640_vga\04_ov5640_vga\src\divider\divider.v -lib work E:\FPGAbisai\04_ov5640_vga\04_ov5640_vga\src\key_filter.v -lib work E:\FPGAbisai\04_ov5640_vga\04_ov5640_vga\src\ErosionDilationBin.v -lib work E:\FPGAbisai\04_ov5640_vga\04_ov5640_vga\src\RAM_based_shift_reg_top\RAM_based_shift_reg_top.v -lib work E:\FPGAbisai\04_ov5640_vga\04_ov5640_vga\src\RAM_shift_top.v -lib work E:\FPGAbisai\04_ov5640_vga\04_ov5640_vga\src\VIP_Matrix_Generate_3X3_1Bit.v -lib work E:\FPGAbisai\04_ov5640_vga\04_ov5640_vga\src\VIP_Bit_Erosion_Detector.v -lib work E:\FPGAbisai\04_ov5640_vga\04_ov5640_vga\src\shibie.v -lib work E:\FPGAbisai\04_ov5640_vga\04_ov5640_vga\src\VGA_OUT.v -lib work E:\FPGAbisai\04_ov5640_vga\04_ov5640_vga\src\sync_delay\RAM_based_shift_reg_top\RAM_based_shift_reg_top_sync.v  -jobname  "compiler" 
relcom:F:\FPGA\GAOYUN\Gowin\Gowin_V1.9.2Beta\SynplifyPro\bin64\c_hdl.exe -osyn ..\synwork\04_ov5640_vga_comp.srs -top ov5640_rgb565_1024x768_vga_top -hdllog ..\synlog\04_ov5640_vga_compiler.srr -encrypt -mp 1 -verification_mode 0 -verilog -prodtype synplify_pro -primux -fixsmult -sdff_counter -nram -divnmod -nostructver -gowin -infer_seqShift -D_MULTIPLE_FILE_COMPILATION_UNIT_ -I ..\..\ -I F:\FPGA\GAOYUN\Gowin\Gowin_V1.9.2Beta\SynplifyPro\lib -sysv -devicelib F:\FPGA\GAOYUN\Gowin\Gowin_V1.9.2Beta\SynplifyPro\lib\generic\gw2a.v -encrypt -pro -dmgen ..\dm -ui -fid2 -ram -sharing on -ll 2000 -autosm -D_MULTIPLE_FILE_COMPILATION_UNIT_ -lib work ..\..\..\..\src\i2c_ov5640_rgb565_cfg.v -lib work ..\..\..\..\src\ov5640_rgb565_1024x768_vga_top.v -lib work ..\..\..\..\src\cmos_capture_data.v -lib work ..\..\..\..\src\i2c_dri.v -lib work ..\..\..\..\src\vga_driver.v -lib work ..\..\..\..\src\gowin_pll\gowin_pll.v -lib work ..\..\..\..\src\psram_memory_interface\psram_memory_interface.v -lib work ..\..\..\..\src\psram_fifo.v -lib work ..\..\..\..\src\gowin_pll2\gowin_pll\gowin_pll_160M.v -lib work ..\..\..\..\src\wrfifo\fifo_top\wrfifo.v -lib work ..\..\..\..\src\rdfifo\fifo_top\rdfifo.v -lib work ..\..\..\..\src\B_v.v -lib work ..\..\..\..\src\div_rill.v -lib work ..\..\..\..\src\rgb2hsv_top.v -lib work ..\..\..\..\src\divider\divider.v -lib work ..\..\..\..\src\key_filter.v -lib work ..\..\..\..\src\ErosionDilationBin.v -lib work ..\..\..\..\src\RAM_based_shift_reg_top\RAM_based_shift_reg_top.v -lib work ..\..\..\..\src\RAM_shift_top.v -lib work ..\..\..\..\src\VIP_Matrix_Generate_3X3_1Bit.v -lib work ..\..\..\..\src\VIP_Bit_Erosion_Detector.v -lib work ..\..\..\..\src\shibie.v -lib work ..\..\..\..\src\VGA_OUT.v -lib work ..\..\..\..\src\sync_delay\RAM_based_shift_reg_top\RAM_based_shift_reg_top_sync.v -jobname "compiler"
rc:0 success:1 runtime:9
file:..\synwork\04_ov5640_vga_comp.srs|io:o|time:1574578135|size:724788|exec:0|csum:
file:..\synlog\04_ov5640_vga_compiler.srr|io:o|time:1574578135|size:24461|exec:0|csum:
file:F:\FPGA\GAOYUN\Gowin\Gowin_V1.9.2Beta\SynplifyPro\lib\generic\gw2a.v|io:i|time:1564767964|size:120730|exec:0|csum:E2B897C94FCEA96C10FD3386E2E04249
file:..\..\..\..\src\i2c_ov5640_rgb565_cfg.v|io:i|time:1574423891|size:18234|exec:0|csum:4EB244885AF0B2F1F9EDF4CCA1C1F30C
file:..\..\..\..\src\ov5640_rgb565_1024x768_vga_top.v|io:i|time:1574578124|size:14576|exec:0|csum:73A86E8C242DB12A1D302F6E2B157702
file:..\..\..\..\src\cmos_capture_data.v|io:i|time:1574428815|size:4005|exec:0|csum:19DEEDD7DB82541B4D570108B7BE4BDF
file:..\..\..\..\src\i2c_dri.v|io:i|time:1573138681|size:18746|exec:0|csum:C1E76421B0245AA0B07C7B6BA17F6802
file:..\..\..\..\src\vga_driver.v|io:i|time:1574431854|size:4031|exec:0|csum:ADE5869AD75FB0C823F7D61180F145D3
file:..\..\..\..\src\gowin_pll\gowin_pll.v|io:i|time:1571835978|size:1910|exec:0|csum:2EB51D95F70E432A410B4F01555829D0
file:..\..\..\..\src\psram_memory_interface\psram_memory_interface.v|io:i|time:1574261486|size:381800|exec:0|csum:3464E9B3016D9B7AE139AD5C2885209B
file:..\..\..\..\src\psram_fifo.v|io:i|time:1574343064|size:17031|exec:0|csum:03D0C3D54A3CEFBC98E9ED25CF956163
file:..\..\..\..\src\gowin_pll2\gowin_pll\gowin_pll_160M.v|io:i|time:1574260721|size:1918|exec:0|csum:FF1F96357DE89C063EC7A3C5F4CADC0C
file:..\..\..\..\src\wrfifo\fifo_top\wrfifo.v|io:i|time:1574251450|size:71902|exec:0|csum:2ED23F1E895447703C687DFF86588BB2
file:..\..\..\..\src\rdfifo\fifo_top\rdfifo.v|io:i|time:1574251491|size:78536|exec:0|csum:A57140D4676D279BFC6363750824BFD9
file:..\..\..\..\src\B_v.v|io:i|time:1574433022|size:1223|exec:0|csum:6108229299511D9441C987D73C343375
file:..\..\..\..\src\div_rill.v|io:i|time:1574344054|size:883|exec:0|csum:71D19C7F7591CB78EE5CA58985CE0E58
file:..\..\..\..\src\rgb2hsv_top.v|io:i|time:1574575930|size:5890|exec:0|csum:54D1E75369316745DC02736CD97CB2C5
file:..\..\..\..\src\divider\divider.v|io:i|time:1574345481|size:71530|exec:0|csum:F7EA627702E1F7336A5A1065DDF3FC3E
file:..\..\..\..\src\key_filter.v|io:i|time:1562846484|size:2579|exec:0|csum:134E45053CD035ADC0A3ED45F91C775C
file:..\..\..\..\src\ErosionDilationBin.v|io:i|time:1574352103|size:4666|exec:0|csum:C5866E93314C4581347657021C73E862
file:..\..\..\..\src\RAM_based_shift_reg_top\RAM_based_shift_reg_top.v|io:i|time:1574406200|size:11879|exec:0|csum:03C0161F5A0DEDDF6EBD5C2D890CD2EE
file:..\..\..\..\src\RAM_shift_top.v|io:i|time:1574407028|size:497|exec:0|csum:D7C6120E3762C46E98D025E9D9F8F973
file:..\..\..\..\src\VIP_Matrix_Generate_3X3_1Bit.v|io:i|time:1574407304|size:6683|exec:0|csum:A1969B4F04B5A0412FDC1DD20ED7EB2F
file:..\..\..\..\src\VIP_Bit_Erosion_Detector.v|io:i|time:1574407284|size:6171|exec:0|csum:E3776E23E186C376DC898995D87F5FD6
file:..\..\..\..\src\shibie.v|io:i|time:1574577126|size:2273|exec:0|csum:B818ED039E5A0FDAF3B8E6A859AAC334
file:..\..\..\..\src\VGA_OUT.v|io:i|time:1574575018|size:1537|exec:0|csum:36E9FF4D898CDF8ADBB1FB38479F991E
file:..\..\..\..\src\sync_delay\RAM_based_shift_reg_top\RAM_based_shift_reg_top_sync.v|io:i|time:1574435210|size:6497|exec:0|csum:6F2F9C6BC5EC1D12E8D15F643D67308D
file:F:\FPGA\GAOYUN\Gowin\Gowin_V1.9.2Beta\SynplifyPro\bin64\c_hdl.exe|io:i|time:1564765142|size:5727232|exec:1|csum:18969E7527FDF47FA4A9B53F8A22AB3D
