
Copyright (C) 1994-2019 Synopsys, Inc.
This Synopsys software and all associated documentation are proprietary to Synopsys, Inc.
and may only be used pursuant to the terms and conditions of a written license agreement
with Synopsys, Inc. All other use, reproduction, modification, or distribution of the
Synopsys software or the associated documentation is strictly prohibited.
Tool: Synplify Pro (R)
Build: P-2019.03G-Beta4
Install: d:\Gowin\Gowin_V1.9.2Beta\SynplifyPro
OS: Windows 6.2

Hostname: DESKTOP-KENK8J7

Implementation : rev_1

# Written on Thu Nov 21 22:11:10 2019

##### DESIGN INFO #######################################################

Top View:                "Divider_Top"
Constraint File(s):      (none)




##### SUMMARY ############################################################

Found 0 issues in 0 out of 0 constraints


##### DETAILS ############################################################



Clock Relationships
*******************

Starting            Ending              |     rise to rise     |     fall to fall     |     rise to fall     |     fall to rise                     
---------------------------------------------------------------------------------------------------------------------------------------------------
Divider_Top|clk     Divider_Top|clk     |     3.339            |     No paths         |     No paths         |     No paths                         
===================================================================================================================================================
 Note: 'No paths' indicates there are no paths in the design for that pair of clock edges.
       'Diff grp' indicates that paths exist but the starting clock and ending clock are in different clock groups.


Unconstrained Start/End Points
******************************

p:complete
p:dividend[0]
p:dividend[1]
p:dividend[2]
p:dividend[3]
p:dividend[4]
p:dividend[5]
p:dividend[6]
p:dividend[7]
p:dividend[8]
p:dividend[9]
p:dividend[10]
p:dividend[11]
p:dividend[12]
p:dividend[13]
p:dividend[14]
p:dividend[15]
p:dividend[16]
p:divisor[0]
p:divisor[1]
p:divisor[2]
p:divisor[3]
p:divisor[4]
p:divisor[5]
p:divisor[6]
p:divisor[7]
p:divisor[8]
p:divisor[9]
p:divisor[10]
p:divisor[11]
p:divisor[12]
p:divisor[13]
p:divisor[14]
p:divisor[15]
p:divisor[16]
p:quotient_out[0]
p:quotient_out[1]
p:quotient_out[2]
p:quotient_out[3]
p:quotient_out[4]
p:quotient_out[5]
p:quotient_out[6]
p:quotient_out[7]
p:quotient_out[8]
p:quotient_out[9]
p:quotient_out[10]
p:quotient_out[11]
p:quotient_out[12]
p:quotient_out[13]
p:quotient_out[14]
p:quotient_out[15]
p:quotient_out[16]
p:start


Inapplicable constraints
************************

(none)


Applicable constraints with issues
**********************************

(none)


Constraints with matching wildcard expressions
**********************************************

(none)


Library Report
**************


# End of Constraint Checker Report
