One matching license found for this product: synplifypro_gowin
NOTE:  This version of the software is not a production release. No warranty is made as to the general availability of features and functionality included in this version or described in the accompanying documentation. The final contents of a production release and its timing remain at the sole discretion of Synopsys.

Starting:    F:\FPGA\GAOYUN\Gowin\Gowin_V1.9.2Beta\SynplifyPro\bin64\mbin\synbatch.exe
Install:     F:\FPGA\GAOYUN\Gowin\Gowin_V1.9.2Beta\SynplifyPro
Hostname:    DESKTOP-1CPVADT
Date:        Sun Nov 24 14:48:46 2019
Version:     P-2019.03G-Beta4

Arguments:   -product synplify_pro -batch E:/FPGAbisai/04_ov5640_vga/04_ov5640_vga/impl/synthesize/04_ov5640_vga.prj
ProductType: synplify_pro

License checkout: synplifypro_gowin
License: synplifypro_gowin node-locked 
Licensed Vendor: gowin

Running in Vendor Mode

log file: "E:\FPGAbisai\04_ov5640_vga\04_ov5640_vga\impl\synthesize\rev_1\04_ov5640_vga.srr"
Running: rev_1 in foreground

Running 04_ov5640_vga|rev_1

Running Flow: compile (Compile) on 04_ov5640_vga|rev_1
# Sun Nov 24 14:48:47 2019

Running Flow: compile_flow (Compile Process) on 04_ov5640_vga|rev_1
# Sun Nov 24 14:48:47 2019

Running: compiler (Compile Input) on 04_ov5640_vga|rev_1
# Sun Nov 24 14:48:47 2019
Copied E:\FPGAbisai\04_ov5640_vga\04_ov5640_vga\impl\synthesize\rev_1\synwork\04_ov5640_vga_comp.srs to E:\FPGAbisai\04_ov5640_vga\04_ov5640_vga\impl\synthesize\rev_1\04_ov5640_vga.srs

compiler completed
# Sun Nov 24 14:48:56 2019

Return Code: 0
Run Time:00h:00m:09s

Running: multi_srs_gen (Multi-srs Generator) on 04_ov5640_vga|rev_1
# Sun Nov 24 14:48:56 2019

multi_srs_gen completed
# Sun Nov 24 14:48:57 2019

Return Code: 0
Run Time:00h:00m:01s
Copied E:\FPGAbisai\04_ov5640_vga\04_ov5640_vga\impl\synthesize\rev_1\synwork\04_ov5640_vga_mult.srs to E:\FPGAbisai\04_ov5640_vga\04_ov5640_vga\impl\synthesize\rev_1\04_ov5640_vga.srs
Complete: Compile Process on 04_ov5640_vga|rev_1

Running: premap (Premap) on 04_ov5640_vga|rev_1
# Sun Nov 24 14:48:57 2019

premap completed with warnings
# Sun Nov 24 14:49:00 2019

Return Code: 1
Run Time:00h:00m:03s
Complete: Compile on 04_ov5640_vga|rev_1

Running Flow: map (Map) on 04_ov5640_vga|rev_1
# Sun Nov 24 14:49:00 2019

Running: fpga_mapper (Map & Optimize) on 04_ov5640_vga|rev_1
# Sun Nov 24 14:49:00 2019
fpga_mapper exited with errors
Job failed on: 04_ov5640_vga|rev_1

Job: "fpga_mapper" terminated with error status: 2
See log file: "E:\FPGAbisai\04_ov5640_vga\04_ov5640_vga\impl\synthesize\rev_1\synlog\04_ov5640_vga_fpga_mapper.srr"
# Sun Nov 24 14:49:01 2019

Return Code: 2
Run Time:00h:00m:01s
Complete: Map on 04_ov5640_vga|rev_1
Complete: Logic Synthesis on 04_ov5640_vga|rev_1
exit status=2
exit status=2
License checkin: synplifypro_gowin
