One matching license found for this product: synplifypro_gowin
NOTE:  This version of the software is not a production release. No warranty is made as to the general availability of features and functionality included in this version or described in the accompanying documentation. The final contents of a production release and its timing remain at the sole discretion of Synopsys.

Starting:    d:\Gowin\Gowin_V1.9.2Beta\SynplifyPro\bin64\mbin\synbatch.exe
Install:     d:\Gowin\Gowin_V1.9.2Beta\SynplifyPro
Hostname:    DESKTOP-KENK8J7
Date:        Fri Nov 22 12:58:38 2019
Version:     P-2019.03G-Beta4

Arguments:   -product synplify_pro -batch C:/Users/22144/Desktop/Gowin_FPGA/Project/04_ov5640_vga/temp/gao/ao_control/ao_control.prj
ProductType: synplify_pro

License checkout: synplifypro_gowin
License: synplifypro_gowin node-locked 
Licensed Vendor: gowin

Running in Vendor Mode

log file: "C:\Users\22144\Desktop\Gowin_FPGA\Project\04_ov5640_vga\temp\gao\ao_control\rev_1\ao_control.srr"
Running: rev_1 in foreground

Running ao_control|rev_1

Running Flow: compile (Compile) on ao_control|rev_1
# Fri Nov 22 12:58:39 2019

Running Flow: compile_flow (Compile Process) on ao_control|rev_1
# Fri Nov 22 12:58:39 2019

Running: compiler (Compile Input) on ao_control|rev_1
# Fri Nov 22 12:58:39 2019
Copied C:\Users\22144\Desktop\Gowin_FPGA\Project\04_ov5640_vga\temp\gao\ao_control\rev_1\synwork\ao_control_comp.srs to C:\Users\22144\Desktop\Gowin_FPGA\Project\04_ov5640_vga\temp\gao\ao_control\rev_1\ao_control.srs

compiler completed
# Fri Nov 22 12:58:43 2019

Return Code: 0
Run Time:00h:00m:04s

Running: multi_srs_gen (Multi-srs Generator) on ao_control|rev_1
# Fri Nov 22 12:58:43 2019

multi_srs_gen completed
# Fri Nov 22 12:58:44 2019

Return Code: 0
Run Time:00h:00m:01s
Copied C:\Users\22144\Desktop\Gowin_FPGA\Project\04_ov5640_vga\temp\gao\ao_control\rev_1\synwork\ao_control_mult.srs to C:\Users\22144\Desktop\Gowin_FPGA\Project\04_ov5640_vga\temp\gao\ao_control\rev_1\ao_control.srs
Complete: Compile Process on ao_control|rev_1

Running: premap (Premap) on ao_control|rev_1
# Fri Nov 22 12:58:44 2019

premap completed
# Fri Nov 22 12:58:49 2019

Return Code: 0
Run Time:00h:00m:05s
Complete: Compile on ao_control|rev_1

Running Flow: map (Map) on ao_control|rev_1
# Fri Nov 22 12:58:49 2019

Running: fpga_mapper (Map & Optimize) on ao_control|rev_1
# Fri Nov 22 12:58:49 2019
Copied C:\Users\22144\Desktop\Gowin_FPGA\Project\04_ov5640_vga\temp\gao\ao_control\rev_1\synwork\ao_control_m.srm to C:\Users\22144\Desktop\Gowin_FPGA\Project\04_ov5640_vga\temp\gao\ao_control\rev_1\ao_control.srm

fpga_mapper completed with warnings
# Fri Nov 22 12:58:58 2019

Return Code: 1
Run Time:00h:00m:09s
Complete: Map on ao_control|rev_1
Complete: Logic Synthesis on ao_control|rev_1
exit status=0
exit status=0
License checkin: synplifypro_gowin
